<?xml version="1.0" encoding="UTF-8"?>
<!-- Generated by org.testng.reporters.JUnitReportReporter -->
<testsuite hostname="IN23GELML05578F" failures="0" tests="3" name="part1.basic4" time="0.016" errors="0" timestamp="2024-06-01T23:35:49 IST" skipped="0">
  <testcase classname="part1.basic4" name="login" time="0.002"/>
  <testcase classname="part1.basic4" name="login" time="0.010"/>
  <testcase classname="part1.basic4" name="login" time="0.004"/>
</testsuite> <!-- part1.basic4 -->
