<?xml version="1.0" encoding="UTF-8"?>
<!-- Generated by org.testng.reporters.JUnitReportReporter -->
<testsuite hostname="IN23GELML05578F" failures="0" tests="2" name="part1.basics3" time="0.008" errors="0" timestamp="2024-06-03T22:33:54 IST" skipped="0">
  <testcase classname="part1.basics3" name="clg" time="0.007"/>
  <testcase classname="part1.basics3" name="school" time="0.001"/>
</testsuite> <!-- part1.basics3 -->
