<?xml version="1.0" encoding="UTF-8"?>
<!-- Generated by org.testng.reporters.JUnitReportReporter -->
<testsuite hostname="IN23GELML05578F" failures="0" tests="2" name="part1.basic2" time="0.009" errors="0" timestamp="2024-06-03T22:33:54 IST" skipped="0">
  <testcase classname="part1.basic2" name="test1" time="0.004"/>
  <testcase classname="part1.basic2" name="test2" time="0.005"/>
</testsuite> <!-- part1.basic2 -->
