<?xml version="1.0" encoding="UTF-8"?>
<!-- Generated by org.testng.reporters.JUnitReportReporter -->
<testsuite hostname="IN23GELML05578F" failures="0" tests="3" name="part1.basics" time="0.016" errors="0" timestamp="2024-06-03T22:33:54 IST" skipped="0">
  <testcase classname="part1.basics" name="name" time="0.002"/>
  <testcase classname="part1.basics" name="age" time="0.002"/>
  <testcase classname="part1.basics" name="demo" time="0.012"/>
</testsuite> <!-- part1.basics -->
